<?xml version="1.0" encoding="UTF-8"?>
<!-- Generated by org.testng.reporters.JUnitXMLReporter -->
<testsuite hostname="IP-AC1FA9F2" ignored="2" name="Kemble Tests" tests="1" failures="0" timestamp="10 Feb 2018 00:54:38 GMT" time="143.901" errors="0">
  <testcase name="cteateUnitOverAccount" time="143.877" classname="Tests.Tests"/>
  <testcase name="cteateTravelAgentAccount" time="0.0" classname="Tests.Tests">
    <ignored/>
  </testcase> <!-- cteateTravelAgentAccount -->
  <testcase name="cteateAndVerifyRules" time="0.0" classname="Tests.Tests">
    <ignored/>
  </testcase> <!-- cteateAndVerifyRules -->
</testsuite> <!-- Kemble Tests -->
