<?xml version="1.0" encoding="UTF-8"?>
<!-- Generated by org.testng.reporters.JUnitXMLReporter -->
<testsuite hostname="DESKTOP-PJG11OA" ignored="4" name="InnRoad Tests" tests="1" failures="1" timestamp="19 Jan 2018 14:40:27 GMT" time="139.498" errors="0">
  <testcase name="ShouldnotExecuteJSInAllFields" time="139.429" classname="Tests.Test_Login">
    <failure type="java.lang.NullPointerException">
      <![CDATA[java.lang.NullPointerException
	at Tests.Test_Login.ShouldnotExecuteJSInAllFields(Test_Login.java:91)
... Removed 25 stack frames]]>
    </failure>
  </testcase> <!-- ShouldnotExecuteJSInAllFields -->
  <testcase name="ClickLoginButtonWhenUserFieldEmpty" time="0.0" classname="Tests.Test_Login">
    <ignored/>
  </testcase> <!-- ClickLoginButtonWhenUserFieldEmpty -->
  <testcase name="ClickLoginButtonWhenPasswordFieldEmpty" time="0.0" classname="Tests.Test_Login">
    <ignored/>
  </testcase> <!-- ClickLoginButtonWhenPasswordFieldEmpty -->
  <testcase name="clickLoginWithAllEmptyFields" time="0.0" classname="Tests.Test_Login">
    <ignored/>
  </testcase> <!-- clickLoginWithAllEmptyFields -->
  <testcase name="ClickLoginButtonWhenClientFieldEmpty" time="0.0" classname="Tests.Test_Login">
    <ignored/>
  </testcase> <!-- ClickLoginButtonWhenClientFieldEmpty -->
</testsuite> <!-- InnRoad Tests -->
